TN:
SF:src/Board.js
FN:2,(anonymous_0)
FN:9,(anonymous_1)
FN:10,(anonymous_2)
FN:14,(anonymous_3)
FN:20,(anonymous_4)
FN:45,(anonymous_5)
FN:47,(anonymous_6)
FN:48,(anonymous_7)
FN:56,(anonymous_8)
FN:66,(anonymous_9)
FN:68,(anonymous_10)
FN:69,(anonymous_11)
FN:77,(anonymous_12)
FN:87,(anonymous_13)
FN:94,(anonymous_14)
FN:101,(anonymous_15)
FN:102,(anonymous_16)
FN:102,(anonymous_17)
FN:106,(anonymous_18)
FN:116,(anonymous_19)
FN:125,(anonymous_20)
FN:129,(anonymous_21)
FN:134,(anonymous_22)
FN:147,(anonymous_23)
FN:148,(anonymous_24)
FN:156,(anonymous_25)
FN:188,(anonymous_26)
FN:197,(anonymous_27)
FN:198,(anonymous_28)
FN:207,oo_cm
FNF:30
FNH:29
FNDA:53,(anonymous_0)
FNDA:53,(anonymous_1)
FNDA:212,(anonymous_2)
FNDA:2,(anonymous_3)
FNDA:11,(anonymous_4)
FNDA:18,(anonymous_5)
FNDA:72,(anonymous_6)
FNDA:288,(anonymous_7)
FNDA:108,(anonymous_8)
FNDA:14,(anonymous_9)
FNDA:56,(anonymous_10)
FNDA:224,(anonymous_11)
FNDA:93,(anonymous_12)
FNDA:7,(anonymous_13)
FNDA:7,(anonymous_14)
FNDA:28,(anonymous_15)
FNDA:112,(anonymous_16)
FNDA:448,(anonymous_17)
FNDA:16,(anonymous_18)
FNDA:7,(anonymous_19)
FNDA:1,(anonymous_20)
FNDA:0,(anonymous_21)
FNDA:14,(anonymous_22)
FNDA:8,(anonymous_23)
FNDA:23,(anonymous_24)
FNDA:5,(anonymous_25)
FNDA:6,(anonymous_26)
FNDA:5,(anonymous_27)
FNDA:20,(anonymous_28)
FNDA:1,oo_cm
DA:3,53
DA:4,53
DA:5,53
DA:10,212
DA:15,2
DA:16,2
DA:22,11
DA:23,11
DA:24,44
DA:25,176
DA:26,122
DA:32,11
DA:33,2
DA:37,9
DA:38,9
DA:39,9
DA:41,9
DA:46,18
DA:47,18
DA:48,288
DA:49,72
DA:50,70
DA:51,22
DA:52,22
DA:53,22
DA:56,108
DA:57,72
DA:58,202
DA:60,72
DA:62,18
DA:67,14
DA:68,14
DA:69,224
DA:70,56
DA:71,60
DA:72,17
DA:73,17
DA:74,17
DA:77,93
DA:78,56
DA:79,148
DA:81,56
DA:83,14
DA:88,7
DA:89,7
DA:90,7
DA:95,7
DA:96,7
DA:97,7
DA:102,448
DA:107,16
DA:108,41
DA:109,108
DA:112,7
DA:117,7
DA:118,25
DA:119,73
DA:122,6
DA:126,1
DA:130,0
DA:135,14
DA:136,5
DA:137,20
DA:138,80
DA:141,5
DA:143,9
DA:148,23
DA:157,5
DA:158,5
DA:160,1
DA:161,1
DA:162,1
DA:164,1
DA:165,1
DA:166,1
DA:168,1
DA:169,1
DA:170,1
DA:172,1
DA:173,1
DA:174,1
DA:176,1
DA:177,1
DA:180,5
DA:181,4
DA:183,4
DA:189,6
DA:190,0
DA:191,6
DA:192,1
DA:198,20
DA:207,1
LF:92
LH:90
BRDA:2,0,0,53
BRDA:25,1,0,122
BRDA:25,1,1,54
BRDA:32,2,0,2
BRDA:32,2,1,9
BRDA:39,3,0,7
BRDA:39,3,1,2
BRDA:50,4,0,22
BRDA:50,4,1,48
BRDA:71,5,0,17
BRDA:71,5,1,43
BRDA:109,6,0,9
BRDA:109,6,1,99
BRDA:119,7,0,1
BRDA:119,7,1,72
BRDA:135,8,0,5
BRDA:135,8,1,9
BRDA:135,9,0,14
BRDA:135,9,1,5
BRDA:138,10,0,0
BRDA:138,10,1,80
BRDA:158,11,0,1
BRDA:158,11,1,1
BRDA:158,11,2,1
BRDA:158,11,3,1
BRDA:158,11,4,1
BRDA:180,12,0,4
BRDA:180,12,1,1
BRDA:189,13,0,0
BRDA:189,13,1,6
BRDA:191,14,0,1
BRDA:191,14,1,5
BRDA:207,15,0,1
BRDA:207,15,1,1
BRF:34
BRH:32
end_of_record
